0 info it worked if it ends with ok
1 verbose cli [ '/Users/frankienwafili/.nvm/versions/node/v6.9.2/bin/node',
1 verbose cli   '/Users/frankienwafili/.nvm/versions/node/v6.9.2/bin/npm',
1 verbose cli   'publish' ]
2 info using npm@3.10.9
3 info using node@v6.9.2
4 verbose publish [ '.' ]
5 silly cache add args [ '.', null ]
6 verbose cache add spec .
7 silly cache add parsed spec Result {
7 silly cache add   raw: '.',
7 silly cache add   scope: null,
7 silly cache add   escapedName: null,
7 silly cache add   name: null,
7 silly cache add   rawSpec: '.',
7 silly cache add   spec: '/Users/frankienwafili/Development/opensource/dom-filenameify',
7 silly cache add   type: 'directory' }
8 verbose addLocalDirectory /Users/frankienwafili/.npm/dom-filenameify/1.1.2/package.tgz not in flight; packing
9 verbose correctMkdir /Users/frankienwafili/.npm correctMkdir not in flight; initializing
10 info lifecycle dom-filenameify@1.1.2~prepublish: dom-filenameify@1.1.2
11 silly lifecycle dom-filenameify@1.1.2~prepublish: no script for prepublish, continuing
12 verbose tar pack [ '/Users/frankienwafili/.npm/dom-filenameify/1.1.2/package.tgz',
12 verbose tar pack   '/Users/frankienwafili/Development/opensource/dom-filenameify' ]
13 verbose tarball /Users/frankienwafili/.npm/dom-filenameify/1.1.2/package.tgz
14 verbose folder /Users/frankienwafili/Development/opensource/dom-filenameify
15 verbose addLocalTarball adding from inside cache /Users/frankienwafili/.npm/dom-filenameify/1.1.2/package.tgz
16 verbose correctMkdir /Users/frankienwafili/.npm correctMkdir not in flight; initializing
17 silly cache afterAdd dom-filenameify@1.1.2
18 verbose afterAdd /Users/frankienwafili/.npm/dom-filenameify/1.1.2/package/package.json not in flight; writing
19 verbose correctMkdir /Users/frankienwafili/.npm correctMkdir not in flight; initializing
20 verbose afterAdd /Users/frankienwafili/.npm/dom-filenameify/1.1.2/package/package.json written
21 silly publish { name: 'dom-filenameify',
21 silly publish   version: '1.1.2',
21 silly publish   description: 'Add filenames as attributes to your DOM elements to help locate them in code via inspect element',
21 silly publish   main: 'src/dom-filenameify.js',
21 silly publish   directories: { test: 'test' },
21 silly publish   scripts: { test: 'standard && tape test/**/*.js' },
21 silly publish   repository:
21 silly publish    { type: 'git',
21 silly publish      url: 'git+https://github.com/chinedufn/dom-filenameify.git' },
21 silly publish   keywords:
21 silly publish    [ 'dom',
21 silly publish      'file',
21 silly publish      'name',
21 silly publish      'filename',
21 silly publish      'inspect',
21 silly publish      'element',
21 silly publish      'browserify',
21 silly publish      'transform',
21 silly publish      'filenameify' ],
21 silly publish   author:
21 silly publish    { name: 'Chinedu Francis Nwafili',
21 silly publish      email: 'frankie.nwafili@gmail.com' },
21 silly publish   license: 'MIT',
21 silly publish   bugs: { url: 'https://github.com/chinedufn/dom-filenameify/issues' },
21 silly publish   homepage: 'https://github.com/chinedufn/dom-filenameify#readme',
21 silly publish   devDependencies:
21 silly publish    { browserify: '^14.1.0',
21 silly publish      hyperx: '^2.0.5',
21 silly publish      react: '^15.4.2',
21 silly publish      'react-dom': '^15.4.2',
21 silly publish      standard: '^9.0.0',
21 silly publish      tape: '^4.6.3',
21 silly publish      'virtual-dom': '^2.1.1' },
21 silly publish   dependencies:
21 silly publish    { falafel: '^2.0.0',
21 silly publish      'html-tokenize': '^2.0.0',
21 silly publish      json5: '^0.5.1',
21 silly publish      through2: '^2.0.3' },
21 silly publish   readme: 'dom-filenameify [![npm version](https://badge.fury.io/js/dom-filenameify.svg)](http://badge.fury.io/js/dom-filenameify) [![Build Status](https://travis-ci.org/chinedufn/dom-filenameify.svg?branch=master)](https://travis-ci.org/chinedufn/dom-filenameify) [![experimental](http://badges.github.io/stability-badges/dist/experimental.svg)](http://github.com/badges/stability-badges)\n====================\n\n> A browserify transform that adds filenames as attributes to your DOM elements to help locate them in code via inspect element\n\n## Initial Motivation\n\nIf you\'ve ever helped with onboarding someone onto a team you\'ve likely gotten a flood of "How do I find *BLANK?*" questions.\n\n`dom-filenameify` hopes to address part of this problem by annotating DOM nodes in your browser with an attribute that tells you where to find it in code.\n\n---\n\nHow?\n\n`dom-filenameify` alters your `hyperscript` style DOM builder calls and `tagged template literal` DOM builder calls\nin order to make them generate DOM notes that have a `data-filename` attribute with a value of the file\'s `filepath`.\n\nIt does this by walking your AST and inserting filename attributes appropriately.\n\n## To Install\n\nYou should really **only use this transform in development**. Especially since it\'s `stability:experimental` at this time.\n\nTo install the CLI use\n\n```sh\nnpm install --save-dev dom-filenameify\n```\n\nTo install the API use\n\n```sh\nnpm install --save dom-filenameify\n```\n\n## Examples\n\nHere are some examples of what happens when you use this transform\n\n```js\n// Handles nested DOM elements\nvar html = require(\'choo/html\')\n\nhtml`<div><span id=\'some-id\'>hello world</span></div>`\n// -> <div filename="/app/some-component.js"><span filename="/app/some-component.js" id="some-id">hello world</span></div>\n```\n\n```js\nvar vdom = require(\'virtual-dom\')\n// Recognizes the `h` property on your `virtual-dom` variable\nvar h = vdom.h\n\nh(\'div\', {\n  style: {color: \'red\'}\n}, \'foo\')\n// -> <div filename="/app/my-component.js" style="color: red;"></div>\n```\n\n```js\n// Variable name doesn\'t matter\nvar xyzw = require(\'react\')\n\nxyzw.createElement(\'span\', \'hello\')\n// -> <span filename=\'/src/some-file.js\'>hello</span>\n```\n\n```js\nvar react = require(\'react\')\nvar hx = require(\'hyperx\')(react.createElement)\n\nhx`<b>A bold element</b>`\n// -> <b filename="/app/bold-elements/a-bold-element.js"></b>\n```\n\n### CLI Usage\n\n```sh\nbrowserify index.js -t dom-filenameify > bundle.js\n```\n\n### API Usage\n\n```js\nvar browserify = require(\'browserify\')\nvar domFilenameify = require(\'dom-filenameify\')\n\nvar b = browserify(\'index.js\')\nb.transform(domFilenameify)\n\n// Writes output to console\nb.bundle().pipe(process.stdout)\n```\n\n## Something broke!\n\nSorry about that! You get a golden star if you open up a failing PR that highlights what\'s going wrong. You get a slightly less shiny silver star\nif you open up an issue describing the error. At any rate, let\'s get this fixed!\n\n## To Test:\n\n```sh\n$ npm run test\n```\n\n## Notes\n\n#### What is the hyperscript API?\n\nThe `hyperscript API` is `domBuilder(htmlSelector, properties, children)`\n\nSee [hyperscript api](https://github.com/Raynos/virtual-hyperscript#hselector-properties-children)\n\n```js\n// hyperscript API examples\nh(\'span\', {style: {color: \'blue\'}, id: 1}, \'foo bar\')\nreact.createElement(\'div\', [\n  \'a text node\',\n  react.createElement(\'span\', {\n  }, \'a span node\'),\n  \'another text node\'\n])\n```\n\n## See Also\n\n- [falafel](https://github.com/substack/node-falafel) - transform a JavaScript AST\n\n## License\n\nMIT\n',
21 silly publish   readmeFilename: 'README.md',
21 silly publish   gitHead: '940f9b85c62a5ec52889ad2544986b73bed5d44e',
21 silly publish   _id: 'dom-filenameify@1.1.2',
21 silly publish   _shasum: '9d2dde0b6f4118bdf0543e0ba7b463d47b3977b7',
21 silly publish   _from: '.' }
22 verbose getPublishConfig undefined
23 silly mapToRegistry name dom-filenameify
24 silly mapToRegistry using default registry
25 silly mapToRegistry registry https://registry.npmjs.org/
26 silly mapToRegistry data Result {
26 silly mapToRegistry   raw: 'dom-filenameify',
26 silly mapToRegistry   scope: null,
26 silly mapToRegistry   escapedName: 'dom-filenameify',
26 silly mapToRegistry   name: 'dom-filenameify',
26 silly mapToRegistry   rawSpec: '',
26 silly mapToRegistry   spec: 'latest',
26 silly mapToRegistry   type: 'tag' }
27 silly mapToRegistry uri https://registry.npmjs.org/dom-filenameify
28 verbose publish registryBase https://registry.npmjs.org/
29 silly publish uploading /Users/frankienwafili/.npm/dom-filenameify/1.1.2/package.tgz
30 verbose request uri https://registry.npmjs.org/dom-filenameify
31 verbose request sending authorization for write operation
32 info attempt registry request try #1 at 5:20:40 PM
33 verbose request using bearer token for auth
34 verbose request id 523bd2043c460626
35 http request PUT https://registry.npmjs.org/dom-filenameify
36 http 403 https://registry.npmjs.org/dom-filenameify
37 verbose headers { 'content-type': 'application/json',
37 verbose headers   'cache-control': 'max-age=300',
37 verbose headers   'content-length': '95',
37 verbose headers   'accept-ranges': 'bytes',
37 verbose headers   date: 'Mon, 06 Mar 2017 22:20:40 GMT',
37 verbose headers   via: '1.1 varnish',
37 verbose headers   connection: 'keep-alive',
37 verbose headers   'x-served-by': 'cache-jfk8137-JFK',
37 verbose headers   'x-cache': 'MISS',
37 verbose headers   'x-cache-hits': '0',
37 verbose headers   'x-timer': 'S1488838839.976854,VS0,VE623',
37 verbose headers   vary: 'Accept-Encoding' }
38 verbose request invalidating /Users/frankienwafili/.npm/registry.npmjs.org/dom-filenameify on PUT
39 error publish Failed PUT 403
40 verbose stack Error: "You cannot publish over the previously published version 1.1.2." : dom-filenameify
40 verbose stack     at makeError (/Users/frankienwafili/.nvm/versions/node/v6.9.2/lib/node_modules/npm/node_modules/npm-registry-client/lib/request.js:302:12)
40 verbose stack     at CachingRegistryClient.<anonymous> (/Users/frankienwafili/.nvm/versions/node/v6.9.2/lib/node_modules/npm/node_modules/npm-registry-client/lib/request.js:290:14)
40 verbose stack     at Request._callback (/Users/frankienwafili/.nvm/versions/node/v6.9.2/lib/node_modules/npm/node_modules/npm-registry-client/lib/request.js:210:14)
40 verbose stack     at Request.self.callback (/Users/frankienwafili/.nvm/versions/node/v6.9.2/lib/node_modules/npm/node_modules/request/request.js:187:22)
40 verbose stack     at emitTwo (events.js:106:13)
40 verbose stack     at Request.emit (events.js:191:7)
40 verbose stack     at Request.<anonymous> (/Users/frankienwafili/.nvm/versions/node/v6.9.2/lib/node_modules/npm/node_modules/request/request.js:1048:10)
40 verbose stack     at emitOne (events.js:96:13)
40 verbose stack     at Request.emit (events.js:188:7)
40 verbose stack     at IncomingMessage.<anonymous> (/Users/frankienwafili/.nvm/versions/node/v6.9.2/lib/node_modules/npm/node_modules/request/request.js:969:12)
41 verbose statusCode 403
42 verbose pkgid dom-filenameify
43 verbose cwd /Users/frankienwafili/Development/opensource/dom-filenameify
44 error Darwin 15.4.0
45 error argv "/Users/frankienwafili/.nvm/versions/node/v6.9.2/bin/node" "/Users/frankienwafili/.nvm/versions/node/v6.9.2/bin/npm" "publish"
46 error node v6.9.2
47 error npm  v3.10.9
48 error code E403
49 error "You cannot publish over the previously published version 1.1.2." : dom-filenameify
50 error If you need help, you may report this error at:
50 error     <https://github.com/npm/npm/issues>
51 verbose exit [ 1, true ]
